Unity Editor version:    2020.3.26f1 (7298b473bc1a)
Branch:                  2020.3/staging
Build type:              Release
Batch mode:              YES
macOS version:           Version 12.2.1 (Build 21D62)
Darwin version:          21.3.0
Architecture:            x86_64
Running under Rosetta:   NO
Available memory:        32768 MB
Using pre-set license
Pro License: NO

COMMAND LINE ARGUMENTS:
/Applications/Unity/Hub/Editor/2020.3.26f1/Unity.app/Contents/MacOS/Unity
-adb2
-batchMode
-noUpm
-name
AssetImportWorker0
-projectPath
/Users/nathanli/Downloads/NYU_Games_S23-Unity2D/m2-2d-adventure-game/an adventure game
-logFile
Logs/AssetImportWorker0.log
-srvPort
50534
Successfully changed project path to: /Users/nathanli/Downloads/NYU_Games_S23-Unity2D/m2-2d-adventure-game/an adventure game
/Users/nathanli/Downloads/NYU_Games_S23-Unity2D/m2-2d-adventure-game/an adventure game
Using Asset Import Pipeline V2.
Refreshing native plugins compatible for Editor in 27.82 ms, found 2 plugins.
Preloading 0 native plugins for Editor in 0.00 ms.
Initialize engine version: 2020.3.26f1 (7298b473bc1a)
[Subsystems] Discovering subsystems at path /Applications/Unity/Hub/Editor/2020.3.26f1/Unity.app/Contents/Resources/UnitySubsystems
[Subsystems] Discovering subsystems at path /Users/nathanli/Downloads/NYU_Games_S23-Unity2D/m2-2d-adventure-game/an adventure game/Assets
GfxDevice: creating device client; threaded=0
2023-04-02 18:59:14.940 Unity[52261:283988] Color LCD preferred device: Intel(R) UHD Graphics 630 (low power)
2023-04-02 18:59:14.940 Unity[52261:283988] Metal devices available: 2
2023-04-02 18:59:14.940 Unity[52261:283988] 0: AMD Radeon Pro 5600M (high power)
2023-04-02 18:59:14.940 Unity[52261:283988] 1: Intel(R) UHD Graphics 630 (low power)
2023-04-02 18:59:14.940 Unity[52261:283988] Using device AMD Radeon Pro 5600M (high power)
Initializing Metal device caps: AMD Radeon Pro 5600M
Initialize mono
Mono path[0] = '/Applications/Unity/Hub/Editor/2020.3.26f1/Unity.app/Contents/Managed'
Mono path[1] = '/Applications/Unity/Hub/Editor/2020.3.26f1/Unity.app/Contents/MonoBleedingEdge/lib/mono/unityjit'
Mono config path = '/Applications/Unity/Hub/Editor/2020.3.26f1/Unity.app/Contents/MonoBleedingEdge/etc'
Using monoOptions --debugger-agent=transport=dt_socket,embedding=1,server=y,suspend=n,address=127.0.0.1:56261
Begin MonoManager ReloadAssembly
Registering precompiled unity dll's ...
Register platform support module: /Applications/Unity/Hub/Editor/2020.3.26f1/PlaybackEngines/WebGLSupport/UnityEditor.WebGL.Extensions.dll
Register platform support module: /Applications/Unity/Hub/Editor/2020.3.26f1/Unity.app/Contents/PlaybackEngines/MacStandaloneSupport/UnityEditor.OSXStandalone.Extensions.dll
Registered in 0.000412 seconds.
Native extension for OSXStandalone target not found
Native extension for WebGL target not found
Refreshing native plugins compatible for Editor in 25.20 ms, found 2 plugins.
Preloading 0 native plugins for Editor in 0.00 ms.
Mono: successfully reloaded assembly
- Completed reload, in  0.496 seconds
Domain Reload Profiling:
	ReloadAssembly (497ms)
		BeginReloadAssembly (36ms)
			ExecutionOrderSort (0ms)
			DisableScriptedObjects (0ms)
			BackupInstance (0ms)
			ReleaseScriptingObjects (0ms)
			CreateAndSetChildDomain (1ms)
		EndReloadAssembly (399ms)
			LoadAssemblies (35ms)
			RebuildTransferFunctionScriptingTraits (0ms)
			SetupTypeCache (152ms)
			ReleaseScriptCaches (0ms)
			RebuildScriptCaches (32ms)
			SetupLoadedEditorAssemblies (144ms)
				LogAssemblyErrors (0ms)
				InitializePlatformSupportModulesInManaged (4ms)
				SetLoadedEditorAssemblies (0ms)
				RefreshPlugins (25ms)
				BeforeProcessingInitializeOnLoad (7ms)
				ProcessInitializeOnLoadAttributes (82ms)
				ProcessInitializeOnLoadMethodAttributes (25ms)
				AfterProcessingInitializeOnLoad (0ms)
				EditorAssembliesLoaded (0ms)
			ExecutionOrderSort2 (0ms)
			AwakeInstancesAfterBackupRestoration (0ms)
Platform modules already initialized, skipping
Registering precompiled user dll's ...
Registered in 0.001292 seconds.
Begin MonoManager ReloadAssembly
Native extension for OSXStandalone target not found
Native extension for WebGL target not found
Refreshing native plugins compatible for Editor in 0.28 ms, found 2 plugins.
Preloading 0 native plugins for Editor in 0.00 ms.
Mono: successfully reloaded assembly
- Completed reload, in  0.936 seconds
Domain Reload Profiling:
	ReloadAssembly (936ms)
		BeginReloadAssembly (129ms)
			ExecutionOrderSort (0ms)
			DisableScriptedObjects (4ms)
			BackupInstance (0ms)
			ReleaseScriptingObjects (0ms)
			CreateAndSetChildDomain (20ms)
		EndReloadAssembly (752ms)
			LoadAssemblies (66ms)
			RebuildTransferFunctionScriptingTraits (0ms)
			SetupTypeCache (289ms)
			ReleaseScriptCaches (0ms)
			RebuildScriptCaches (47ms)
			SetupLoadedEditorAssemblies (251ms)
				LogAssemblyErrors (0ms)
				InitializePlatformSupportModulesInManaged (4ms)
				SetLoadedEditorAssemblies (0ms)
				RefreshPlugins (0ms)
				BeforeProcessingInitializeOnLoad (43ms)
				ProcessInitializeOnLoadAttributes (194ms)
				ProcessInitializeOnLoadMethodAttributes (8ms)
				AfterProcessingInitializeOnLoad (1ms)
				EditorAssembliesLoaded (0ms)
			ExecutionOrderSort2 (0ms)
			AwakeInstancesAfterBackupRestoration (6ms)
Platform modules already initialized, skipping
Validating Project structure ... 0.000412 seconds.
Shader import version has changed; will reimport all shaders...
Upgrading shader files ...0.000508 seconds.
Application.AssetDatabase Initial Script Refresh Start
RefreshInfo: InitialScriptRefreshV2(NoUpdateAssetOptions) scanfilter:  ... 1 filters
RefreshProfiler: Total: 0.000ms
Application.AssetDatabase Initial Script Refresh End
Application.AssetDatabase.Refresh Start
Application.AssetDatabase.Refresh End
RefreshInfo: StopAssetImportingV2(ForceSynchronousImport) scanfilter: 
RefreshProfiler: Total: 0.000ms
Launching external process: /Applications/Unity/Hub/Editor/2020.3.26f1/Unity.app/Contents/Tools/UnityShaderCompiler
Launched and connected shader compiler UnityShaderCompiler after 0.01 seconds
Initializing Unity extensions:
[C# Project] Writing /Users/nathanli/Downloads/NYU_Games_S23-Unity2D/m2-2d-adventure-game/an adventure game/an adventure game.sln because it has changed
[C# Project] First difference on line 4

[C# Project] Current /Users/nathanli/Downloads/NYU_Games_S23-Unity2D/m2-2d-adventure-game/an adventure game/an adventure game.sln:
[C# Project]   004: Project("{FAE04EC0-301F-11D3-BF4B-00C04F79EFBC}") = "Assembly-CSharp", "Assembly-CSharp.csproj", "{A2F50D6D-721F-FFE9-9FAB-A8FED96DED28}"
[C# Project]   005: EndProject
[C# Project]   006: Global
[C# Project]   007: 	GlobalSection(SolutionConfigurationPlatforms) = preSolution
[C# Project]   008: 		Debug|Any CPU = Debug|Any CPU

[C# Project] New /Users/nathanli/Downloads/NYU_Games_S23-Unity2D/m2-2d-adventure-game/an adventure game/an adventure game.sln:
[C# Project]   004: Project("{FAE04EC0-301F-11D3-BF4B-00C04F79EFBC}") = "UnityEngine.UI", "UnityEngine.UI.csproj", "{30108542-5A55-799C-886D-76B295D10E9F}"
[C# Project]   005: EndProject
[C# Project]   006: Project("{FAE04EC0-301F-11D3-BF4B-00C04F79EFBC}") = "UnityEngine.TestRunner", "UnityEngine.TestRunner.csproj", "{46F99EE2-57FD-4A60-4FA8-94813203C56E}"
[C# Project]   007: EndProject
[C# Project]   008: Project("{FAE04EC0-301F-11D3-BF4B-00C04F79EFBC}") = "UnityEngine.UI.Tests", "UnityEngine.UI.Tests.csproj", "{89A3CF57-8E23-DE96-6213-5E083315407D}"
[C# Project] Writing /Users/nathanli/Downloads/NYU_Games_S23-Unity2D/m2-2d-adventure-game/an adventure game/Assembly-CSharp.csproj because it has changed
[C# Project] First difference on line 626

[C# Project] Current /Users/nathanli/Downloads/NYU_Games_S23-Unity2D/m2-2d-adventure-game/an adventure game/Assembly-CSharp.csproj:
[C# Project]   626:  <Reference Include="Unity.VSCode.Editor">
[C# Project]   627:  <HintPath>/Users/nathanli/Downloads/NYU_Games_S23-Unity2D/m2-2d-adventure-game/an adventure game/Library/ScriptAssemblies/Unity.VSCode.Editor.dll</HintPath>
[C# Project]   628:  </Reference>
[C# Project]   629:  <Reference Include="Unity.TextMeshPro.Editor">
[C# Project]   630:  <HintPath>/Users/nathanli/Downloads/NYU_Games_S23-Unity2D/m2-2d-adventure-game/an adventure game/Library/ScriptAssemblies/Unity.TextMeshPro.Editor.dll</HintPath>

[C# Project] New /Users/nathanli/Downloads/NYU_Games_S23-Unity2D/m2-2d-adventure-game/an adventure game/Assembly-CSharp.csproj:
[C# Project]   626:   </ItemGroup>
[C# Project]   627:   <ItemGroup>
[C# Project]   628:     <ProjectReference Include="Unity.VSCode.Editor.csproj">
[C# Project]   629:       <Project>{67A9161A-ADEA-4002-B195-D59292221AF8}</Project>
[C# Project]   630:       <Name>Unity.VSCode.Editor</Name>
2023-04-02 18:59:17.055 Unity[52261:283988] NSEventModifierFlagFunction specified to -setKeyEquivalentModifierMask: for item <NSMenuItem: 0x600003f6ab50 Font Asset, ke='Command-F12'>, but is only supported for system-provided menu items; will not be used
2023-04-02 18:59:17.058 Unity[52261:283988] NSEventModifierFlagFunction specified to -setKeyEquivalentModifierMask: for item <NSMenuItem: 0x600003f1a530 Font Asset, ke='Command-F12'>, but is only supported for system-provided menu items; will not be used
========================================================================
Worker process is ready to serve import requests
Refreshing native plugins compatible for Editor in 0.18 ms, found 2 plugins.
Preloading 0 native plugins for Editor in 0.00 ms.
Unloading 1510 Unused Serialized files (Serialized files now loaded: 0)
System memory in use before: 160.4 MB.
System memory in use after: 159.6 MB.

Unloading 84 unused Assets to reduce memory usage. Loaded Objects now: 1982.
Total: 2.662475 ms (FindLiveObjects: 0.099177 ms CreateObjectMapping: 0.037158 ms MarkObjects: 2.141243 ms  DeleteObjects: 0.384213 ms)

AssetImportParameters requested are different than current active one (requested -> active):
  custom:video-decoder-ogg-theora: a1e56fd34408186e4bbccfd4996cb3dc -> 
  custom:container-muxer-webm: aa71ff27fc2769a1b78a27578f13a17b -> 
  custom:container-demuxer-webm: 4f35f7cbe854078d1ac9338744f61a02 -> 
  custom:container-demuxer-ogg: 62fdf1f143b41e24485cea50d1cbac27 -> 
  custom:video-encoder-webm-vp8: eb34c28f22e8b96e1ab97ce403110664 -> 
  custom:framework-osx-AVFoundation: e770b220cccbd017edd2c1fefb359320 -> 
  custom:video-decoder-webm-vp8: 9c59270c3fd7afecdb556c50c9e8de78 -> 
  custom:audio-decoder-ogg-vorbis: bf7c407c2cedff20999df2af8eb42d56 -> 
  custom:audio-encoder-webm-vorbis: bf7c407c2cedff20999df2af8eb42d56 -> 
========================================================================
Received Import Request.
  path: Assets/Scenes/SampleScene.unity
  artifactKey: Guid(7063a3ad280ac4748a459a088cff6782) Importer(815301076,1909f56bfc062723c751e8b465ee728b)
Start importing Assets/Scenes/SampleScene.unity using Guid(7063a3ad280ac4748a459a088cff6782) Importer(815301076,1909f56bfc062723c751e8b465ee728b)  -> (artifact id: 'a8fbd1450efc1ecd1fcbe9d6453231a0') in 0.010237 seconds 
  Import took 0.012381 seconds .

========================================================================
Received Import Request.
  Time since last request: 8.292161 seconds.
  path: Assets/an adventure game/Scenes/MainMenu.unity
  artifactKey: Guid(bb78398000c257643ab3516c74b85774) Importer(815301076,1909f56bfc062723c751e8b465ee728b)
Start importing Assets/an adventure game/Scenes/MainMenu.unity using Guid(bb78398000c257643ab3516c74b85774) Importer(815301076,1909f56bfc062723c751e8b465ee728b)  -> (artifact id: '5a881c9256919374577939dbf41b8fce') in 0.001321 seconds 
  Import took 0.003753 seconds .

========================================================================
Received Import Request.
  Time since last request: 16.203843 seconds.
  path: Assets/an adventure game/Prefabs/Button.prefab
  artifactKey: Guid(29ada654eebd94fdf9a08458b46af34f) Importer(815301076,1909f56bfc062723c751e8b465ee728b)
Start importing Assets/an adventure game/Prefabs/Button.prefab using Guid(29ada654eebd94fdf9a08458b46af34f) Importer(815301076,1909f56bfc062723c751e8b465ee728b)  -> (artifact id: '1e3184ac7c8d732fab2c05f2ffb3a5f8') in 0.119914 seconds 
  Import took 0.124860 seconds .

========================================================================
Received Prepare
Registering precompiled user dll's ...
Registered in 0.001452 seconds.
Begin MonoManager ReloadAssembly
Native extension for OSXStandalone target not found
Native extension for WebGL target not found
Refreshing native plugins compatible for Editor in 0.28 ms, found 2 plugins.
Preloading 0 native plugins for Editor in 0.00 ms.
2023-04-02 19:00:46.664 Unity[52261:283988] NSEventModifierFlagFunction specified to -setKeyEquivalentModifierMask: for item <NSMenuItem: 0x600003f478e0 Font Asset, ke='Command-F12'>, but is only supported for system-provided menu items; will not be used
Mono: successfully reloaded assembly
- Completed reload, in  0.952 seconds
Domain Reload Profiling:
	ReloadAssembly (953ms)
		BeginReloadAssembly (103ms)
			ExecutionOrderSort (0ms)
			DisableScriptedObjects (4ms)
			BackupInstance (0ms)
			ReleaseScriptingObjects (0ms)
			CreateAndSetChildDomain (41ms)
		EndReloadAssembly (792ms)
			LoadAssemblies (68ms)
			RebuildTransferFunctionScriptingTraits (0ms)
			SetupTypeCache (275ms)
			ReleaseScriptCaches (1ms)
			RebuildScriptCaches (41ms)
			SetupLoadedEditorAssemblies (296ms)
				LogAssemblyErrors (0ms)
				InitializePlatformSupportModulesInManaged (4ms)
				SetLoadedEditorAssemblies (0ms)
				RefreshPlugins (0ms)
				BeforeProcessingInitializeOnLoad (91ms)
				ProcessInitializeOnLoadAttributes (192ms)
				ProcessInitializeOnLoadMethodAttributes (8ms)
				AfterProcessingInitializeOnLoad (1ms)
				EditorAssembliesLoaded (0ms)
			ExecutionOrderSort2 (0ms)
			AwakeInstancesAfterBackupRestoration (6ms)
Platform modules already initialized, skipping
Refreshing native plugins compatible for Editor in 0.26 ms, found 2 plugins.
Preloading 0 native plugins for Editor in 0.00 ms.
Unloading 1503 Unused Serialized files (Serialized files now loaded: 0)
System memory in use before: 161.4 MB.
System memory in use after: 161.5 MB.

Unloading 16 unused Assets to reduce memory usage. Loaded Objects now: 1987.
Total: 2.142058 ms (FindLiveObjects: 0.098066 ms CreateObjectMapping: 0.034314 ms MarkObjects: 1.994501 ms  DeleteObjects: 0.014349 ms)

AssetImportParameters requested are different than current active one (requested -> active):
  custom:video-decoder-ogg-theora: a1e56fd34408186e4bbccfd4996cb3dc -> 
  custom:container-muxer-webm: aa71ff27fc2769a1b78a27578f13a17b -> 
  custom:container-demuxer-webm: 4f35f7cbe854078d1ac9338744f61a02 -> 
  custom:container-demuxer-ogg: 62fdf1f143b41e24485cea50d1cbac27 -> 
  custom:video-encoder-webm-vp8: eb34c28f22e8b96e1ab97ce403110664 -> 
  custom:framework-osx-AVFoundation: e770b220cccbd017edd2c1fefb359320 -> 
  custom:video-decoder-webm-vp8: 9c59270c3fd7afecdb556c50c9e8de78 -> 
  custom:audio-decoder-ogg-vorbis: bf7c407c2cedff20999df2af8eb42d56 -> 
  custom:audio-encoder-webm-vorbis: bf7c407c2cedff20999df2af8eb42d56 -> 
AssetImportWorkerClient::OnTransportError - code=2 error=End of file
