Unity Editor version:    2020.3.17f1 (a4537701e4ab)
Branch:                  2020.3/staging
Build type:              Release
Batch mode:              YES
macOS version:           Version 12.2.1 (Build 21D62)
Darwin version:          21.3.0
Architecture:            x86_64
Running under Rosetta:   NO
Available memory:        32768 MB
Using pre-set license
Pro License: NO

COMMAND LINE ARGUMENTS:
/Applications/Unity/Hub/Editor/2020.3.17f1/Unity.app/Contents/MacOS/Unity
-adb2
-batchMode
-noUpm
-name
AssetImportWorker0
-projectPath
/Users/nathanli/Desktop/Games and Play/GameAsPlay/Platformer
-logFile
Logs/AssetImportWorker0.log
-srvPort
58006
Successfully changed project path to: /Users/nathanli/Desktop/Games and Play/GameAsPlay/Platformer
/Users/nathanli/Desktop/Games and Play/GameAsPlay/Platformer
Using Asset Import Pipeline V2.
Refreshing native plugins compatible for Editor in 40.55 ms, found 2 plugins.
Preloading 0 native plugins for Editor in 0.00 ms.
Initialize engine version: 2020.3.17f1 (a4537701e4ab)
[Subsystems] Discovering subsystems at path /Applications/Unity/Hub/Editor/2020.3.17f1/Unity.app/Contents/Resources/UnitySubsystems
[Subsystems] Discovering subsystems at path /Users/nathanli/Desktop/Games and Play/GameAsPlay/Platformer/Assets
GfxDevice: creating device client; threaded=0
2023-05-06 23:58:43.154 Unity[11416:432588] DELL U2412M preferred device: AMD Radeon Pro 5600M (high power)
2023-05-06 23:58:43.154 Unity[11416:432588] Metal devices available: 2
2023-05-06 23:58:43.154 Unity[11416:432588] 0: AMD Radeon Pro 5600M (high power)
2023-05-06 23:58:43.154 Unity[11416:432588] 1: Intel(R) UHD Graphics 630 (low power)
2023-05-06 23:58:43.154 Unity[11416:432588] Using device AMD Radeon Pro 5600M (high power)
Initializing Metal device caps: AMD Radeon Pro 5600M
Initialize mono
Mono path[0] = '/Applications/Unity/Hub/Editor/2020.3.17f1/Unity.app/Contents/Managed'
Mono path[1] = '/Applications/Unity/Hub/Editor/2020.3.17f1/Unity.app/Contents/MonoBleedingEdge/lib/mono/unityjit'
Mono config path = '/Applications/Unity/Hub/Editor/2020.3.17f1/Unity.app/Contents/MonoBleedingEdge/etc'
Using monoOptions --debugger-agent=transport=dt_socket,embedding=1,server=y,suspend=n,address=127.0.0.1:56416
Begin MonoManager ReloadAssembly
Registering precompiled unity dll's ...
Register platform support module: /Applications/Unity/Hub/Editor/2020.3.17f1/Unity.app/Contents/PlaybackEngines/MacStandaloneSupport/UnityEditor.OSXStandalone.Extensions.dll
Registered in 0.000399 seconds.
Native extension for OSXStandalone target not found
Refreshing native plugins compatible for Editor in 37.62 ms, found 2 plugins.
Preloading 0 native plugins for Editor in 0.00 ms.
Mono: successfully reloaded assembly
- Completed reload, in  1.245 seconds
Domain Reload Profiling:
	ReloadAssembly (1264ms)
		BeginReloadAssembly (45ms)
			ExecutionOrderSort (0ms)
			DisableScriptedObjects (0ms)
			BackupInstance (0ms)
			ReleaseScriptingObjects (0ms)
			CreateAndSetChildDomain (1ms)
		EndReloadAssembly (514ms)
			LoadAssemblies (45ms)
			RebuildTransferFunctionScriptingTraits (0ms)
			SetupTypeCache (202ms)
			ReleaseScriptCaches (0ms)
			RebuildScriptCaches (43ms)
			SetupLoadedEditorAssemblies (187ms)
				LogAssemblyErrors (0ms)
				InitializePlatformSupportModulesInManaged (4ms)
				SetLoadedEditorAssemblies (0ms)
				RefreshPlugins (38ms)
				BeforeProcessingInitializeOnLoad (9ms)
				ProcessInitializeOnLoadAttributes (102ms)
				ProcessInitializeOnLoadMethodAttributes (35ms)
				AfterProcessingInitializeOnLoad (0ms)
				EditorAssembliesLoaded (0ms)
			ExecutionOrderSort2 (0ms)
			AwakeInstancesAfterBackupRestoration (0ms)
Platform modules already initialized, skipping
Registering precompiled user dll's ...
Registered in 0.001813 seconds.
Begin MonoManager ReloadAssembly
Native extension for OSXStandalone target not found
Refreshing native plugins compatible for Editor in 0.36 ms, found 2 plugins.
Preloading 0 native plugins for Editor in 0.00 ms.
Mono: successfully reloaded assembly
- Completed reload, in  1.181 seconds
Domain Reload Profiling:
	ReloadAssembly (1182ms)
		BeginReloadAssembly (172ms)
			ExecutionOrderSort (0ms)
			DisableScriptedObjects (5ms)
			BackupInstance (0ms)
			ReleaseScriptingObjects (0ms)
			CreateAndSetChildDomain (35ms)
		EndReloadAssembly (936ms)
			LoadAssemblies (79ms)
			RebuildTransferFunctionScriptingTraits (0ms)
			SetupTypeCache (369ms)
			ReleaseScriptCaches (0ms)
			RebuildScriptCaches (61ms)
			SetupLoadedEditorAssemblies (304ms)
				LogAssemblyErrors (0ms)
				InitializePlatformSupportModulesInManaged (5ms)
				SetLoadedEditorAssemblies (0ms)
				RefreshPlugins (0ms)
				BeforeProcessingInitializeOnLoad (54ms)
				ProcessInitializeOnLoadAttributes (233ms)
				ProcessInitializeOnLoadMethodAttributes (10ms)
				AfterProcessingInitializeOnLoad (1ms)
				EditorAssembliesLoaded (0ms)
			ExecutionOrderSort2 (0ms)
			AwakeInstancesAfterBackupRestoration (6ms)
Platform modules already initialized, skipping
Validating Project structure ... 0.010346 seconds.
Shader import version has changed; will reimport all shaders...
Upgrading shader files ...0.020042 seconds.
Application.AssetDatabase Initial Script Refresh Start
RefreshInfo: InitialScriptRefreshV2(NoUpdateAssetOptions) scanfilter:  ... 1 filters
RefreshProfiler: Total: 0.000ms
Application.AssetDatabase Initial Script Refresh End
Application.AssetDatabase.Refresh Start
Application.AssetDatabase.Refresh End
RefreshInfo: StopAssetImportingV2(ForceSynchronousImport) scanfilter: 
RefreshProfiler: Total: 0.000ms
Launching external process: /Applications/Unity/Hub/Editor/2020.3.17f1/Unity.app/Contents/Tools/UnityShaderCompiler
Launched and connected shader compiler UnityShaderCompiler after 0.01 seconds
Initializing Unity extensions:
2023-05-06 23:58:47.098 Unity[11416:432588] NSEventModifierFlagFunction specified to -setKeyEquivalentModifierMask: for item <NSMenuItem: 0x7fd8fc038030 Font Asset, ke='Command-F12'>, but is only supported for system-provided menu items; will not be used
2023-05-06 23:58:47.101 Unity[11416:432588] NSEventModifierFlagFunction specified to -setKeyEquivalentModifierMask: for item <NSMenuItem: 0x7fd8fc087600 Font Asset, ke='Command-F12'>, but is only supported for system-provided menu items; will not be used
========================================================================
Worker process is ready to serve import requests
Refreshing native plugins compatible for Editor in 0.36 ms, found 2 plugins.
Preloading 0 native plugins for Editor in 0.00 ms.
Unloading 1627 Unused Serialized files (Serialized files now loaded: 0)
System memory in use before: 199.0 MB.
System memory in use after: 198.3 MB.

Unloading 162 unused Assets to reduce memory usage. Loaded Objects now: 2127.
Total: 3.508510 ms (FindLiveObjects: 0.193166 ms CreateObjectMapping: 0.055975 ms MarkObjects: 2.650715 ms  DeleteObjects: 0.607762 ms)

AssetImportParameters requested are different than current active one (requested -> active):
  custom:video-decoder-ogg-theora: a1e56fd34408186e4bbccfd4996cb3dc -> 
  custom:container-muxer-webm: aa71ff27fc2769a1b78a27578f13a17b -> 
  custom:container-demuxer-webm: 4f35f7cbe854078d1ac9338744f61a02 -> 
  custom:container-demuxer-ogg: 62fdf1f143b41e24485cea50d1cbac27 -> 
  custom:video-encoder-webm-vp8: eb34c28f22e8b96e1ab97ce403110664 -> 
  custom:framework-osx-AVFoundation: e770b220cccbd017edd2c1fefb359320 -> 
  custom:video-decoder-webm-vp8: 9c59270c3fd7afecdb556c50c9e8de78 -> 
  custom:audio-decoder-ogg-vorbis: bf7c407c2cedff20999df2af8eb42d56 -> 
  custom:audio-encoder-webm-vorbis: bf7c407c2cedff20999df2af8eb42d56 -> 
========================================================================
Received Import Request.
  path: Assets/Standard Assets/Characters/FirstPersonCharacter/Audio/Footstep01.wav
  artifactKey: Guid(42e65e088b3f4374e851b8dbd38f3df9) Importer(815301076,1909f56bfc062723c751e8b465ee728b)
Start importing Assets/Standard Assets/Characters/FirstPersonCharacter/Audio/Footstep01.wav using Guid(42e65e088b3f4374e851b8dbd38f3df9) Importer(815301076,1909f56bfc062723c751e8b465ee728b)  -> (artifact id: '505c9daa88e1645009bfbcfc34c92e03') in 1.165484 seconds 
  Import took 1.168159 seconds .

========================================================================
Received Import Request.
  Time since last request: 0.003466 seconds.
  path: Assets/Standard Assets/Vehicles/Aircraft/Audio/PropellerEngine.wav
  artifactKey: Guid(f1fa78c409ee9704598f300b09f6117d) Importer(815301076,1909f56bfc062723c751e8b465ee728b)
Start importing Assets/Standard Assets/Vehicles/Aircraft/Audio/PropellerEngine.wav using Guid(f1fa78c409ee9704598f300b09f6117d) Importer(815301076,1909f56bfc062723c751e8b465ee728b)  -> (artifact id: '4ec6ac17e76beded4b1b8a398356d422') in 0.009389 seconds 
  Import took 0.011836 seconds .

========================================================================
Received Import Request.
  Time since last request: 0.000615 seconds.
  path: Assets/Standard Assets/Vehicles/Car/Audio/DecelerationLow.wav
  artifactKey: Guid(5699dddcce16c4543b95951c4ce0e092) Importer(815301076,1909f56bfc062723c751e8b465ee728b)
Start importing Assets/Standard Assets/Vehicles/Car/Audio/DecelerationLow.wav using Guid(5699dddcce16c4543b95951c4ce0e092) Importer(815301076,1909f56bfc062723c751e8b465ee728b)  -> (artifact id: 'b625a3e6c583cdef8945c0e8584835e7') in 0.006200 seconds 
  Import took 0.008709 seconds .

========================================================================
Received Import Request.
  Time since last request: 0.000180 seconds.
  path: Assets/Standard Assets/Vehicles/Aircraft/Audio/JetEngine.wav
  artifactKey: Guid(9db9336e9f17c9744847c5fe94c1650f) Importer(815301076,1909f56bfc062723c751e8b465ee728b)
Start importing Assets/Standard Assets/Vehicles/Aircraft/Audio/JetEngine.wav using Guid(9db9336e9f17c9744847c5fe94c1650f) Importer(815301076,1909f56bfc062723c751e8b465ee728b)  -> (artifact id: 'f77cc2b6308877f569893bceb4f26644') in 0.005793 seconds 
  Import took 0.008148 seconds .

========================================================================
Received Import Request.
  Time since last request: 0.000183 seconds.
  path: Assets/Standard Assets/Vehicles/Car/Audio/AccelerationHigh.wav
  artifactKey: Guid(03e3bd08a6e70684dbe299a3e185fdd2) Importer(815301076,1909f56bfc062723c751e8b465ee728b)
Start importing Assets/Standard Assets/Vehicles/Car/Audio/AccelerationHigh.wav using Guid(03e3bd08a6e70684dbe299a3e185fdd2) Importer(815301076,1909f56bfc062723c751e8b465ee728b)  -> (artifact id: 'a8b9f8730d013ef1235981f28d53a05e') in 0.006450 seconds 
  Import took 0.008789 seconds .

========================================================================
Received Import Request.
  Time since last request: 0.000199 seconds.
  path: Assets/Standard Assets/Vehicles/Car/Audio/DecelerationHigh.wav
  artifactKey: Guid(03bf91d88fce91c41995d27de63cc967) Importer(815301076,1909f56bfc062723c751e8b465ee728b)
Start importing Assets/Standard Assets/Vehicles/Car/Audio/DecelerationHigh.wav using Guid(03bf91d88fce91c41995d27de63cc967) Importer(815301076,1909f56bfc062723c751e8b465ee728b)  -> (artifact id: '57a90473dfb10e87dbcfb95c47748d19') in 0.006343 seconds 
  Import took 0.008777 seconds .

========================================================================
Received Import Request.
  Time since last request: 0.000182 seconds.
  path: Assets/Standard Assets/Characters/FirstPersonCharacter/Audio/Land.wav
  artifactKey: Guid(3b09d59f4499d45428baa7a21e954296) Importer(815301076,1909f56bfc062723c751e8b465ee728b)
Start importing Assets/Standard Assets/Characters/FirstPersonCharacter/Audio/Land.wav using Guid(3b09d59f4499d45428baa7a21e954296) Importer(815301076,1909f56bfc062723c751e8b465ee728b)  -> (artifact id: '6f99b076e50816e7f268ec67fe5e38d2') in 0.005983 seconds 
  Import took 0.008967 seconds .

========================================================================
Received Import Request.
  Time since last request: 0.000191 seconds.
  path: Assets/Standard Assets/Vehicles/Car/Audio/AccelerationLow.wav
  artifactKey: Guid(c4d8928c75c21af43998193f0f038429) Importer(815301076,1909f56bfc062723c751e8b465ee728b)
Start importing Assets/Standard Assets/Vehicles/Car/Audio/AccelerationLow.wav using Guid(c4d8928c75c21af43998193f0f038429) Importer(815301076,1909f56bfc062723c751e8b465ee728b)  -> (artifact id: 'ea119b38f8570cfcb1363616c7a49dc9') in 0.006080 seconds 
  Import took 0.008676 seconds .

========================================================================
Received Import Request.
  Time since last request: 0.000188 seconds.
  path: Assets/Standard Assets/Characters/FirstPersonCharacter/Audio/Footstep03.wav
  artifactKey: Guid(5a9383dda6cabc047b7a297602e93eb4) Importer(815301076,1909f56bfc062723c751e8b465ee728b)
Start importing Assets/Standard Assets/Characters/FirstPersonCharacter/Audio/Footstep03.wav using Guid(5a9383dda6cabc047b7a297602e93eb4) Importer(815301076,1909f56bfc062723c751e8b465ee728b)  -> (artifact id: '874045771f6598b625d1e0c78c5c4918') in 0.006180 seconds 
  Import took 0.008684 seconds .

========================================================================
Received Import Request.
  Time since last request: 0.000185 seconds.
  path: Assets/Standard Assets/Vehicles/Car/Audio/Skid.wav
  artifactKey: Guid(bd9566abdbf08834281bfb4ea8b92a5d) Importer(815301076,1909f56bfc062723c751e8b465ee728b)
Start importing Assets/Standard Assets/Vehicles/Car/Audio/Skid.wav using Guid(bd9566abdbf08834281bfb4ea8b92a5d) Importer(815301076,1909f56bfc062723c751e8b465ee728b)  -> (artifact id: 'd9a4c7ce098197ee552cfe24c34f6c75') in 0.006114 seconds 
  Import took 0.008588 seconds .

========================================================================
Received Import Request.
  Time since last request: 0.000187 seconds.
  path: Assets/Standard Assets/Characters/FirstPersonCharacter/Audio/Footstep02.wav
  artifactKey: Guid(8bc94ec6ed537e743b481638bdcd503d) Importer(815301076,1909f56bfc062723c751e8b465ee728b)
Start importing Assets/Standard Assets/Characters/FirstPersonCharacter/Audio/Footstep02.wav using Guid(8bc94ec6ed537e743b481638bdcd503d) Importer(815301076,1909f56bfc062723c751e8b465ee728b)  -> (artifact id: '99e80f4c4f166025113c4cc2acf18437') in 0.005913 seconds 
  Import took 0.008225 seconds .

========================================================================
Received Import Request.
  Time since last request: 0.000184 seconds.
  path: Assets/Standard Assets/Characters/FirstPersonCharacter/Audio/Jump.wav
  artifactKey: Guid(5897aeed9b676024fbb8c694b421a861) Importer(815301076,1909f56bfc062723c751e8b465ee728b)
Start importing Assets/Standard Assets/Characters/FirstPersonCharacter/Audio/Jump.wav using Guid(5897aeed9b676024fbb8c694b421a861) Importer(815301076,1909f56bfc062723c751e8b465ee728b)  -> (artifact id: '1b79660aa4891cc08d182d1d5e0aa198') in 0.005907 seconds 
  Import took 0.008149 seconds .

========================================================================
Received Import Request.
  Time since last request: 0.000177 seconds.
  path: Assets/Standard Assets/Characters/FirstPersonCharacter/Audio/Footstep04.wav
  artifactKey: Guid(e9714160ce34f2b4ab63ff8c27bd68e1) Importer(815301076,1909f56bfc062723c751e8b465ee728b)
Start importing Assets/Standard Assets/Characters/FirstPersonCharacter/Audio/Footstep04.wav using Guid(e9714160ce34f2b4ab63ff8c27bd68e1) Importer(815301076,1909f56bfc062723c751e8b465ee728b)  -> (artifact id: 'fb5f386ab01fcb25efc23a69c1134b28') in 0.005984 seconds 
  Import took 0.008230 seconds .

========================================================================
Received Import Request.
  Time since last request: 0.000213 seconds.
  path: Assets/Standard Assets/Vehicles/Aircraft/Audio/FlightWind.wav
  artifactKey: Guid(38d4d0ff7855e984285fbf430385b2aa) Importer(815301076,1909f56bfc062723c751e8b465ee728b)
Start importing Assets/Standard Assets/Vehicles/Aircraft/Audio/FlightWind.wav using Guid(38d4d0ff7855e984285fbf430385b2aa) Importer(815301076,1909f56bfc062723c751e8b465ee728b)  -> (artifact id: 'd03233d500aee6ce0c7188874e1eb2dc') in 0.007390 seconds 
  Import took 0.009985 seconds .

========================================================================
Received Import Request.
  Time since last request: 136.862787 seconds.
  path: Assets/New Terrain.asset
  artifactKey: Guid(da1010f1d020049cea08d72fad9c8376) Importer(815301076,1909f56bfc062723c751e8b465ee728b)
Start importing Assets/New Terrain.asset using Guid(da1010f1d020049cea08d72fad9c8376) Importer(815301076,1909f56bfc062723c751e8b465ee728b)  -> (artifact id: '1a5757e64251d1440e25a41408feca79') in 0.118131 seconds 
  Import took 0.121166 seconds .

========================================================================
Received Import Request.
  Time since last request: 4.461929 seconds.
  path: Assets/X2Download.app - Fire Sound Effect (no copyright) 🔥🔥 (128 kbps).mp3
  artifactKey: Guid(443d1a8b41621400399e4058cb91a250) Importer(815301076,1909f56bfc062723c751e8b465ee728b)
Start importing Assets/X2Download.app - Fire Sound Effect (no copyright) 🔥🔥 (128 kbps).mp3 using Guid(443d1a8b41621400399e4058cb91a250) Importer(815301076,1909f56bfc062723c751e8b465ee728b)  -> (artifact id: '565a36088963f60f69cdbfc989e86157') in 1.104752 seconds 
  Import took 1.107458 seconds .

========================================================================
Received Import Request.
  Time since last request: 3.465212 seconds.
  path: Assets/fire.mp3
  artifactKey: Guid(443d1a8b41621400399e4058cb91a250) Importer(815301076,1909f56bfc062723c751e8b465ee728b)
Start importing Assets/fire.mp3 using Guid(443d1a8b41621400399e4058cb91a250) Importer(815301076,1909f56bfc062723c751e8b465ee728b)  -> (artifact id: '49d35c6ada3434e5b6e2261825d04683') in 0.007152 seconds 
  Import took 0.009698 seconds .

========================================================================
Received Import Request.
  Time since last request: 131.763187 seconds.
  path: Assets/Extreme Sci-Fi LITE/FBX/Ceiling_Lights_New_1(Gr).fbx
  artifactKey: Guid(515bb7eb8113e8a46b36a3543c48ee01) Importer(815301076,1909f56bfc062723c751e8b465ee728b)
Start importing Assets/Extreme Sci-Fi LITE/FBX/Ceiling_Lights_New_1(Gr).fbx using Guid(515bb7eb8113e8a46b36a3543c48ee01) Importer(815301076,1909f56bfc062723c751e8b465ee728b)  -> (artifact id: '9fec3b9e3623973ce70677558c4f9f57') in 0.182789 seconds 
  Import took 0.186056 seconds .

========================================================================
Received Import Request.
  Time since last request: 0.003482 seconds.
  path: Assets/Extreme Sci-Fi LITE/FBX/Corridors_3A(Gr).fbx
  artifactKey: Guid(70ec2e89794c73746812fef02ff5d9d8) Importer(815301076,1909f56bfc062723c751e8b465ee728b)
Start importing Assets/Extreme Sci-Fi LITE/FBX/Corridors_3A(Gr).fbx using Guid(70ec2e89794c73746812fef02ff5d9d8) Importer(815301076,1909f56bfc062723c751e8b465ee728b)  -> (artifact id: 'c547d17c47ceac5455efee6bc930e72f') in 0.103459 seconds 
  Import took 0.106361 seconds .

========================================================================
Received Import Request.
  Time since last request: 0.000739 seconds.
  path: Assets/Extreme Sci-Fi LITE/FBX/Pillars_1A(Gr).fbx
  artifactKey: Guid(099ff09cf63f7f0409e54e085f6b0574) Importer(815301076,1909f56bfc062723c751e8b465ee728b)
Start importing Assets/Extreme Sci-Fi LITE/FBX/Pillars_1A(Gr).fbx using Guid(099ff09cf63f7f0409e54e085f6b0574) Importer(815301076,1909f56bfc062723c751e8b465ee728b)  -> (artifact id: 'ba0e9cd720bd48f9761e0912de5bb1a2') in 0.084938 seconds 
  Import took 0.087505 seconds .

========================================================================
Received Import Request.
  Time since last request: 0.000679 seconds.
  path: Assets/Extreme Sci-Fi LITE/FBX/Corridors_3A_2(Gr).fbx
  artifactKey: Guid(7649011e69153af429fdde502dc90940) Importer(815301076,1909f56bfc062723c751e8b465ee728b)
Start importing Assets/Extreme Sci-Fi LITE/FBX/Corridors_3A_2(Gr).fbx using Guid(7649011e69153af429fdde502dc90940) Importer(815301076,1909f56bfc062723c751e8b465ee728b)  -> (artifact id: '7326ae3223de1d10754d2a2ecd8cefb5') in 0.133006 seconds 
  Import took 0.136177 seconds .

========================================================================
Received Import Request.
  Time since last request: 0.001935 seconds.
  path: Assets/Extreme Sci-Fi LITE/FBX/Corridors_3B(Gr).fbx
  artifactKey: Guid(e63dd9175d8b1954cafd0679808bb39c) Importer(815301076,1909f56bfc062723c751e8b465ee728b)
Start importing Assets/Extreme Sci-Fi LITE/FBX/Corridors_3B(Gr).fbx using Guid(e63dd9175d8b1954cafd0679808bb39c) Importer(815301076,1909f56bfc062723c751e8b465ee728b)  -> (artifact id: 'bfa1169834e1cd0f49a17709368bb625') in 0.095127 seconds 
  Import took 0.098061 seconds .

========================================================================
Received Import Request.
  Time since last request: 4.474339 seconds.
  path: Assets/Standard Assets/ParticleSystems/Materials/ParticleFirework.mat
  artifactKey: Guid(9f3080141f1f64197825663e067f94f8) Importer(815301076,1909f56bfc062723c751e8b465ee728b)
Start importing Assets/Standard Assets/ParticleSystems/Materials/ParticleFirework.mat using Guid(9f3080141f1f64197825663e067f94f8) Importer(815301076,1909f56bfc062723c751e8b465ee728b)  -> (artifact id: 'dd8d62384ea4a61aff8a3420633f7485') in 0.102816 seconds 
  Import took 0.106248 seconds .

========================================================================
Received Prepare
Registering precompiled user dll's ...
Registered in 0.001699 seconds.
Begin MonoManager ReloadAssembly
Native extension for OSXStandalone target not found
Refreshing native plugins compatible for Editor in 0.45 ms, found 2 plugins.
Preloading 0 native plugins for Editor in 0.00 ms.
2023-05-07 00:05:59.566 Unity[11416:432588] NSEventModifierFlagFunction specified to -setKeyEquivalentModifierMask: for item <NSMenuItem: 0x7fd91af28d30 Font Asset, ke='Command-F12'>, but is only supported for system-provided menu items; will not be used
Mono: successfully reloaded assembly
- Completed reload, in  1.173 seconds
Domain Reload Profiling:
	ReloadAssembly (1174ms)
		BeginReloadAssembly (126ms)
			ExecutionOrderSort (0ms)
			DisableScriptedObjects (5ms)
			BackupInstance (0ms)
			ReleaseScriptingObjects (0ms)
			CreateAndSetChildDomain (60ms)
		EndReloadAssembly (976ms)
			LoadAssemblies (78ms)
			RebuildTransferFunctionScriptingTraits (0ms)
			SetupTypeCache (365ms)
			ReleaseScriptCaches (1ms)
			RebuildScriptCaches (53ms)
			SetupLoadedEditorAssemblies (342ms)
				LogAssemblyErrors (0ms)
				InitializePlatformSupportModulesInManaged (5ms)
				SetLoadedEditorAssemblies (1ms)
				RefreshPlugins (0ms)
				BeforeProcessingInitializeOnLoad (96ms)
				ProcessInitializeOnLoadAttributes (228ms)
				ProcessInitializeOnLoadMethodAttributes (10ms)
				AfterProcessingInitializeOnLoad (1ms)
				EditorAssembliesLoaded (0ms)
			ExecutionOrderSort2 (0ms)
			AwakeInstancesAfterBackupRestoration (9ms)
Platform modules already initialized, skipping
Refreshing native plugins compatible for Editor in 0.37 ms, found 2 plugins.
Preloading 0 native plugins for Editor in 0.00 ms.
Unloading 1602 Unused Serialized files (Serialized files now loaded: 0)
System memory in use before: 217.8 MB.
System memory in use after: 217.4 MB.

Unloading 17 unused Assets to reduce memory usage. Loaded Objects now: 2176.
Total: 3.987886 ms (FindLiveObjects: 0.184768 ms CreateObjectMapping: 0.157710 ms MarkObjects: 2.919657 ms  DeleteObjects: 0.724965 ms)

AssetImportParameters requested are different than current active one (requested -> active):
  custom:video-decoder-ogg-theora: a1e56fd34408186e4bbccfd4996cb3dc -> 
  custom:container-muxer-webm: aa71ff27fc2769a1b78a27578f13a17b -> 
  custom:container-demuxer-webm: 4f35f7cbe854078d1ac9338744f61a02 -> 
  custom:container-demuxer-ogg: 62fdf1f143b41e24485cea50d1cbac27 -> 
  custom:video-encoder-webm-vp8: eb34c28f22e8b96e1ab97ce403110664 -> 
  custom:framework-osx-AVFoundation: e770b220cccbd017edd2c1fefb359320 -> 
  custom:video-decoder-webm-vp8: 9c59270c3fd7afecdb556c50c9e8de78 -> 
  custom:audio-decoder-ogg-vorbis: bf7c407c2cedff20999df2af8eb42d56 -> 
  custom:audio-encoder-webm-vorbis: bf7c407c2cedff20999df2af8eb42d56 -> 
AssetImportWorkerClient::OnTransportError - code=2 error=End of file
